time="2020-10-01 10:22:01" level=warning Agent="Mozilla/5.0 (Windows NT 10.0; WOW64) AppleWebKit/537.36 (KHTML, like Gecko) Chrome/78.0.3904.108 Safari/537.36" DataSize=0 HostName=DarkKnightWorkStation Ip="::1" Method=GET Path=/ SpendTime="0 ms" status=404
time="2020-10-01 10:22:06" level=info Agent="Mozilla/5.0 (Windows NT 10.0; WOW64) AppleWebKit/537.36 (KHTML, like Gecko) Chrome/78.0.3904.108 Safari/537.36" DataSize=4286 HostName=DarkKnightWorkStation Ip="::1" Method=GET Path=/favicon.ico SpendTime="91 ms" status=200
time="2020-10-01 10:22:08" level=info Agent="Mozilla/5.0 (Windows NT 10.0; WOW64) AppleWebKit/537.36 (KHTML, like Gecko) Chrome/78.0.3904.108 Safari/537.36" DataSize=2035 HostName=DarkKnightWorkStation Ip="::1" Method=GET Path=/admin SpendTime="1 ms" status=200
time="2020-10-01 10:22:08" level=warning Agent="Mozilla/5.0 (Windows NT 10.0; WOW64) AppleWebKit/537.36 (KHTML, like Gecko) Chrome/78.0.3904.108 Safari/537.36" DataSize=0 HostName=DarkKnightWorkStation Ip="::1" Method=GET Path=/static/static/css/app.33862a5a.css SpendTime="1 ms" status=404
time="2020-10-01 10:22:08" level=warning Agent="Mozilla/5.0 (Windows NT 10.0; WOW64) AppleWebKit/537.36 (KHTML, like Gecko) Chrome/78.0.3904.108 Safari/537.36" DataSize=0 HostName=DarkKnightWorkStation Ip="::1" Method=GET Path=/static/static/css/chunk-vendors.e6a9c8b4.css SpendTime="0 ms" status=404
time="2020-10-01 10:22:08" level=warning Agent="Mozilla/5.0 (Windows NT 10.0; WOW64) AppleWebKit/537.36 (KHTML, like Gecko) Chrome/78.0.3904.108 Safari/537.36" DataSize=0 HostName=DarkKnightWorkStation Ip="::1" Method=GET Path=/static/static/js/app.1445163a.js SpendTime="0 ms" status=404
time="2020-10-01 10:22:08" level=warning Agent="Mozilla/5.0 (Windows NT 10.0; WOW64) AppleWebKit/537.36 (KHTML, like Gecko) Chrome/78.0.3904.108 Safari/537.36" DataSize=0 HostName=DarkKnightWorkStation Ip="::1" Method=GET Path=/static/static/js/chunk-vendors.d6153657.js SpendTime="0 ms" status=404
time="2020-10-01 10:22:08" level=warning Agent="Mozilla/5.0 (Windows NT 10.0; WOW64) AppleWebKit/537.36 (KHTML, like Gecko) Chrome/78.0.3904.108 Safari/537.36" DataSize=0 HostName=DarkKnightWorkStation Ip="::1" Method=GET Path=/static/static/css/AddArt.a7bb8811.css SpendTime="0 ms" status=404
time="2020-10-01 10:22:08" level=warning Agent="Mozilla/5.0 (Windows NT 10.0; WOW64) AppleWebKit/537.36 (KHTML, like Gecko) Chrome/78.0.3904.108 Safari/537.36" DataSize=0 HostName=DarkKnightWorkStation Ip="::1" Method=GET Path=/static/static/css/Admin.5067bfdc.css SpendTime="0 ms" status=404
time="2020-10-01 10:22:08" level=warning Agent="Mozilla/5.0 (Windows NT 10.0; WOW64) AppleWebKit/537.36 (KHTML, like Gecko) Chrome/78.0.3904.108 Safari/537.36" DataSize=0 HostName=DarkKnightWorkStation Ip="::1" Method=GET Path=/static/static/css/ArtList.6b3d3cff.css SpendTime="0 ms" status=404
time="2020-10-01 10:22:08" level=warning Agent="Mozilla/5.0 (Windows NT 10.0; WOW64) AppleWebKit/537.36 (KHTML, like Gecko) Chrome/78.0.3904.108 Safari/537.36" DataSize=0 HostName=DarkKnightWorkStation Ip="::1" Method=GET Path=/static/static/css/CateList.ef1882cb.css SpendTime="0 ms" status=404
time="2020-10-01 10:22:08" level=warning Agent="Mozilla/5.0 (Windows NT 10.0; WOW64) AppleWebKit/537.36 (KHTML, like Gecko) Chrome/78.0.3904.108 Safari/537.36" DataSize=0 HostName=DarkKnightWorkStation Ip="::1" Method=GET Path=/static/static/css/Login.f0c692fa.css SpendTime="0 ms" status=404
time="2020-10-01 10:22:08" level=warning Agent="Mozilla/5.0 (Windows NT 10.0; WOW64) AppleWebKit/537.36 (KHTML, like Gecko) Chrome/78.0.3904.108 Safari/537.36" DataSize=0 HostName=DarkKnightWorkStation Ip="::1" Method=GET Path=/static/static/css/UserList.8116ffab.css SpendTime="0 ms" status=404
time="2020-10-01 10:22:08" level=warning Agent="Mozilla/5.0 (Windows NT 10.0; WOW64) AppleWebKit/537.36 (KHTML, like Gecko) Chrome/78.0.3904.108 Safari/537.36" DataSize=0 HostName=DarkKnightWorkStation Ip="::1" Method=GET Path=/static/static/js/AddArt.a9c7bb43.js SpendTime="0 ms" status=404
time="2020-10-01 10:22:08" level=warning Agent="Mozilla/5.0 (Windows NT 10.0; WOW64) AppleWebKit/537.36 (KHTML, like Gecko) Chrome/78.0.3904.108 Safari/537.36" DataSize=0 HostName=DarkKnightWorkStation Ip="::1" Method=GET Path="/static/static/js/AddArt~ArtList~CateList~UserList.44446ca2.js" SpendTime="0 ms" status=404
time="2020-10-01 10:22:08" level=warning Agent="Mozilla/5.0 (Windows NT 10.0; WOW64) AppleWebKit/537.36 (KHTML, like Gecko) Chrome/78.0.3904.108 Safari/537.36" DataSize=0 HostName=DarkKnightWorkStation Ip="::1" Method=GET Path=/static/static/js/Admin.a352977d.js SpendTime="0 ms" status=404
time="2020-10-01 10:22:08" level=warning Agent="Mozilla/5.0 (Windows NT 10.0; WOW64) AppleWebKit/537.36 (KHTML, like Gecko) Chrome/78.0.3904.108 Safari/537.36" DataSize=0 HostName=DarkKnightWorkStation Ip="::1" Method=GET Path=/static/static/js/ArtList.e2a1812c.js SpendTime="0 ms" status=404
time="2020-10-01 10:22:08" level=warning Agent="Mozilla/5.0 (Windows NT 10.0; WOW64) AppleWebKit/537.36 (KHTML, like Gecko) Chrome/78.0.3904.108 Safari/537.36" DataSize=0 HostName=DarkKnightWorkStation Ip="::1" Method=GET Path=/static/static/js/CateList.28ab598a.js SpendTime="0 ms" status=404
time="2020-10-01 10:22:08" level=warning Agent="Mozilla/5.0 (Windows NT 10.0; WOW64) AppleWebKit/537.36 (KHTML, like Gecko) Chrome/78.0.3904.108 Safari/537.36" DataSize=0 HostName=DarkKnightWorkStation Ip="::1" Method=GET Path=/static/static/js/Index.0f40aec7.js SpendTime="1 ms" status=404
time="2020-10-01 10:22:08" level=warning Agent="Mozilla/5.0 (Windows NT 10.0; WOW64) AppleWebKit/537.36 (KHTML, like Gecko) Chrome/78.0.3904.108 Safari/537.36" DataSize=0 HostName=DarkKnightWorkStation Ip="::1" Method=GET Path=/static/static/js/Login.9b61ffc2.js SpendTime="1 ms" status=404
time="2020-10-01 10:22:08" level=warning Agent="Mozilla/5.0 (Windows NT 10.0; WOW64) AppleWebKit/537.36 (KHTML, like Gecko) Chrome/78.0.3904.108 Safari/537.36" DataSize=0 HostName=DarkKnightWorkStation Ip="::1" Method=GET Path=/static/static/js/UserList.8b6d9ed0.js SpendTime="1 ms" status=404
time="2020-10-01 10:22:08" level=warning Agent="Mozilla/5.0 (Windows NT 10.0; WOW64) AppleWebKit/537.36 (KHTML, like Gecko) Chrome/78.0.3904.108 Safari/537.36" DataSize=0 HostName=DarkKnightWorkStation Ip="::1" Method=GET Path=/static/static/js/app.1445163a.js SpendTime="1 ms" status=404
time="2020-10-01 10:22:09" level=warning Agent="Mozilla/5.0 (Windows NT 10.0; WOW64) AppleWebKit/537.36 (KHTML, like Gecko) Chrome/78.0.3904.108 Safari/537.36" DataSize=0 HostName=DarkKnightWorkStation Ip="::1" Method=GET Path=/static/favicon.ico SpendTime="0 ms" status=404
time="2020-10-01 10:24:06" level=warning Agent="Mozilla/5.0 (Windows NT 10.0; WOW64) AppleWebKit/537.36 (KHTML, like Gecko) Chrome/78.0.3904.108 Safari/537.36" DataSize=0 HostName=DarkKnightWorkStation Ip="::1" Method=GET Path=/user SpendTime="0 ms" status=404
time="2020-10-01 10:24:07" level=info Agent="Mozilla/5.0 (Windows NT 10.0; WOW64) AppleWebKit/537.36 (KHTML, like Gecko) Chrome/78.0.3904.108 Safari/537.36" DataSize=4286 HostName=DarkKnightWorkStation Ip="::1" Method=GET Path=/favicon.ico SpendTime="1 ms" status=200
time="2020-10-01 10:24:25" level=warning Agent="Mozilla/5.0 (Windows NT 10.0; WOW64) AppleWebKit/537.36 (KHTML, like Gecko) Chrome/78.0.3904.108 Safari/537.36" DataSize=0 HostName=DarkKnightWorkStation Ip="::1" Method=GET Path=/login SpendTime="0 ms" status=404
time="2020-10-01 10:24:44" level=warning Agent="Mozilla/5.0 (Windows NT 10.0; WOW64) AppleWebKit/537.36 (KHTML, like Gecko) Chrome/78.0.3904.108 Safari/537.36" DataSize=0 HostName=DarkKnightWorkStation Ip="::1" Method=GET Path=/api/v1/login SpendTime="0 ms" status=404
time="2020-10-01 10:24:58" level=warning Agent="Mozilla/5.0 (Windows NT 10.0; WOW64) AppleWebKit/537.36 (KHTML, like Gecko) Chrome/78.0.3904.108 Safari/537.36" DataSize=0 HostName=DarkKnightWorkStation Ip="::1" Method=GET Path=/api/v1/login SpendTime="0 ms" status=404
